<?xml version="1.0" encoding="UTF-8"?>
<!-- Generated by org.testng.reporters.JUnitXMLReporter -->
<testsuite ignored="0" hostname="IND-Rangarajan" failures="1" tests="2" name="Test" time="17.686" errors="0" timestamp="2025-03-10T15:59:22 IST">
  <testcase classname="testCases.TC001" name="RegisterPage" time="2.035"/>
  <testcase classname="testCases.TC002" name="VerifyLogin" time="6.25">
    <failure type="java.lang.AssertionError" message="expected [true] but found [false]">
      <![CDATA[java.lang.AssertionError: expected [true] but found [false]
at testCases.TC002.VerifyLogin(TC002.java:27)
at java.base/java.util.ArrayList.forEach(ArrayList.java:1597)
... Removed 29 stack frames]]>
    </failure>
  </testcase> <!-- VerifyLogin -->
</testsuite> <!-- Test -->
