<?xml version="1.0" encoding="UTF-8"?>
<testng-results ignored="0" total="2" passed="2" failed="0" skipped="0">
  <reporter-output>
  </reporter-output>
  <suite started-at="2025-03-10T15:59:53 IST" name="Suite" finished-at="2025-03-10T16:00:04 IST" duration-ms="11203">
    <groups>
    </groups>
    <test started-at="2025-03-10T15:59:53 IST" name="Test" finished-at="2025-03-10T16:00:04 IST" duration-ms="11203">
      <class name="testCases.TC001">
        <test-method is-config="true" signature="Startup(java.lang.String)[pri:0, instance:testCases.TC001@528c868]" started-at="2025-03-10T15:59:54 IST" name="Startup" finished-at="2025-03-10T15:59:57 IST" duration-ms="3251" status="PASS">
          <params>
            <param index="0">
              <value>
                <![CDATA[chrome]]>
              </value>
            </param>
          </params>
          <reporter-output>
          </reporter-output>
        </test-method> <!-- Startup -->
        <test-method signature="RegisterPage()[pri:0, instance:testCases.TC001@528c868]" started-at="2025-03-10T15:59:57 IST" name="RegisterPage" finished-at="2025-03-10T15:59:59 IST" duration-ms="2093" status="PASS">
          <reporter-output>
          </reporter-output>
        </test-method> <!-- RegisterPage -->
        <test-method is-config="true" signature="teardown()[pri:0, instance:testCases.TC001@528c868]" started-at="2025-03-10T15:59:59 IST" name="teardown" finished-at="2025-03-10T15:59:59 IST" duration-ms="177" status="PASS">
          <reporter-output>
          </reporter-output>
        </test-method> <!-- teardown -->
      </class> <!-- testCases.TC001 -->
      <class name="testCases.TC002">
        <test-method is-config="true" signature="Startup(java.lang.String)[pri:0, instance:testCases.TC002@2b76ff4e]" started-at="2025-03-10T15:59:59 IST" name="Startup" finished-at="2025-03-10T16:00:02 IST" duration-ms="3043" status="PASS">
          <params>
            <param index="0">
              <value>
                <![CDATA[chrome]]>
              </value>
            </param>
          </params>
          <reporter-output>
          </reporter-output>
        </test-method> <!-- Startup -->
        <test-method signature="VerifyLogin()[pri:0, instance:testCases.TC002@2b76ff4e]" started-at="2025-03-10T16:00:02 IST" name="VerifyLogin" finished-at="2025-03-10T16:00:04 IST" duration-ms="2142" status="PASS">
          <reporter-output>
          </reporter-output>
        </test-method> <!-- VerifyLogin -->
        <test-method is-config="true" signature="teardown()[pri:0, instance:testCases.TC002@2b76ff4e]" started-at="2025-03-10T16:00:04 IST" name="teardown" finished-at="2025-03-10T16:00:04 IST" duration-ms="173" status="PASS">
          <reporter-output>
          </reporter-output>
        </test-method> <!-- teardown -->
      </class> <!-- testCases.TC002 -->
    </test> <!-- Test -->
  </suite> <!-- Suite -->
</testng-results>
